<?xml version="1.0" encoding="UTF-8"?>
<testng-results ignored="0" total="1" passed="1" failed="0" skipped="0">
  <reporter-output>
  </reporter-output>
  <suite started-at="2025-04-29T08:11:22 IST" name="Default suite" finished-at="2025-04-29T08:11:26 IST" duration-ms="4067">
    <groups>
    </groups>
    <test started-at="2025-04-29T08:11:22 IST" name="Default test" finished-at="2025-04-29T08:11:26 IST" duration-ms="4067">
      <class name="basics.LibraryManagementSystem">
        <test-method signature="verifyLibraryE2ETests()[pri:0, instance:basics.LibraryManagementSystem@6aba2b86]" started-at="2025-04-29T08:11:22 IST" name="verifyLibraryE2ETests" finished-at="2025-04-29T08:11:26 IST" duration-ms="3989" status="PASS">
          <reporter-output>
          </reporter-output>
        </test-method> <!-- verifyLibraryE2ETests -->
      </class> <!-- basics.LibraryManagementSystem -->
    </test> <!-- Default test -->
  </suite> <!-- Default suite -->
</testng-results>
