<?xml version="1.0" encoding="UTF-8"?>
<testng-results ignored="0" total="1" passed="1" failed="0" skipped="0">
  <reporter-output>
  </reporter-output>
  <suite started-at="2025-05-05T08:13:54 IST" name="Default suite" finished-at="2025-05-05T08:14:03 IST" duration-ms="9512">
    <groups>
    </groups>
    <test started-at="2025-05-05T08:13:54 IST" name="Default test" finished-at="2025-05-05T08:14:03 IST" duration-ms="9512">
      <class name="basics.LearnSpecBuilder">
        <test-method signature="verifyLibraryE2ETests()[pri:0, instance:basics.LearnSpecBuilder@661972b0]" started-at="2025-05-05T08:13:54 IST" name="verifyLibraryE2ETests" finished-at="2025-05-05T08:14:03 IST" duration-ms="9323" status="PASS">
          <reporter-output>
          </reporter-output>
        </test-method> <!-- verifyLibraryE2ETests -->
      </class> <!-- basics.LearnSpecBuilder -->
    </test> <!-- Default test -->
  </suite> <!-- Default suite -->
</testng-results>
